C51 COMPILER V9.59.0.0   01                                                                11/22/2020 17:56:12 PAGE 1   


C51 COMPILER V9.59.0.0, COMPILATION OF MODULE 01
OBJECT MODULE PLACED IN .\Objects\01.obj
COMPILER INVOKED BY: e:\Keil_v5\C51\BIN\C51.EXE 01.c OPTIMIZE(8,SPEED) BROWSE DEBUG OBJECTEXTEND PRINT(.\Listings\01.lst
                    -) TABS(2) OBJECT(.\Objects\01.obj)

line level    source

   1          #include <STC15F2K60S2.H>
   2          #define uint unsigned int
   3            
   4          sbit h = P5^4;
   5          sbit IN2 = P3^3;
   6          sbit q = P5^5;
   7          sbit IN1 = P3^2;
   8          sbit IN = P3^1;
   9          sbit EN = P3^0;
  10          
  11          void delay(uint i)
  12          {
  13   1        while(i--);
  14   1      }
  15          void back()
  16          {
  17   1        IN1 = 0;
  18   1        IN2 = 0;
  19   1        delay(10000);
  20   1        IN1 = 0;
  21   1        IN2 = 1;
  22   1        delay(10000);
  23   1        IN1 = 1;
  24   1        IN2 = 1;
  25   1        delay(10000);
  26   1        IN1 = 1;
  27   1        IN2 = 0;
  28   1        delay(10000);
  29   1      }
  30          void front()
  31          {
  32   1        IN1 = 1;
  33   1        IN2 = 0;
  34   1        delay(10000);
  35   1        IN1 = 1;
  36   1        IN2 = 1;
  37   1        delay(10000);
  38   1        IN1 = 0;
  39   1        IN2 = 1;
  40   1        delay(10000);
  41   1        IN1 = 0;
  42   1        IN2 = 0;
  43   1        delay(10000);
  44   1      }
  45          void main()
  46          {
  47   1        while(h)
  48   1        {
  49   2          EN = 1;
  50   2          back();
  51   2          EN = 0;
  52   2        }
  53   1        /*while(q)
  54   1        {
C51 COMPILER V9.59.0.0   01                                                                11/22/2020 17:56:12 PAGE 2   

  55   1          EN = 1;
  56   1          front();
  57   1          EN = 0;
  58   1        }
  59   1        delay(10000);
  60   1        while(h)
  61   1        {
  62   1          EN = 1;
  63   1          back();
  64   1          EN = 0;
  65   1        }*/
  66   1        while(1)
  67   1        {
  68   2          if(IN == 1)
  69   2          {
  70   3            while(h)
  71   3            {
  72   4              EN = 1;
  73   4              back();
  74   4              EN = 0;
  75   4            }
  76   3            while(q)
  77   3            {
  78   4              EN = 1;
  79   4              front();
  80   4              EN = 0;
  81   4            }
  82   3            delay(10000);
  83   3            while(h)
  84   3            {
  85   4              EN = 1;
  86   4              back();
  87   4              EN = 0;
  88   4            }
  89   3          }
  90   2        }
  91   1      }


MODULE INFORMATION:   STATIC OVERLAYABLE
   CODE SIZE        =    128    ----
   CONSTANT SIZE    =   ----    ----
   XDATA SIZE       =   ----    ----
   PDATA SIZE       =   ----    ----
   DATA SIZE        =   ----    ----
   IDATA SIZE       =   ----    ----
   BIT SIZE         =   ----    ----
END OF MODULE INFORMATION.


C51 COMPILATION COMPLETE.  0 WARNING(S),  0 ERROR(S)
